<?xml version="1.0" encoding="UTF-8"?>
<coverage generated="1695133538291" clover="3.2.0">
  <project timestamp="1695133538291" name="All files">
    <metrics statements="43" coveredstatements="37" conditionals="12" coveredconditionals="9" methods="8" coveredmethods="7" elements="63" coveredelements="53" complexity="0" loc="43" ncloc="43" packages="1" files="1" classes="1"/>
    <file name="index.js" path="C:\Users\Constantinos\OneDrive\LA_FOSSE\Week_3\project_folder\Lap-1-Project\backend\index.js">
      <metrics statements="43" coveredstatements="37" conditionals="12" coveredconditionals="9" methods="8" coveredmethods="7"/>
      <line num="1" count="1" type="stmt"/>
      <line num="2" count="1" type="stmt"/>
      <line num="3" count="1" type="stmt"/>
      <line num="4" count="1" type="stmt"/>
      <line num="5" count="1" type="stmt"/>
      <line num="6" count="1" type="stmt"/>
      <line num="8" count="1" type="stmt"/>
      <line num="10" count="1" type="stmt"/>
      <line num="11" count="1" type="stmt"/>
      <line num="13" count="6" type="stmt"/>
      <line num="15" count="1" type="stmt"/>
      <line num="16" count="43" type="stmt"/>
      <line num="17" count="43" type="cond" truecount="2" falsecount="0"/>
      <line num="18" count="26" type="stmt"/>
      <line num="19" count="26" type="stmt"/>
      <line num="20" count="17" type="cond" truecount="2" falsecount="0"/>
      <line num="21" count="16" type="stmt"/>
      <line num="22" count="16" type="stmt"/>
      <line num="24" count="1" type="stmt"/>
      <line num="29" count="1" type="stmt"/>
      <line num="30" count="1" type="stmt"/>
      <line num="34" count="1" type="stmt"/>
      <line num="35" count="2" type="stmt"/>
      <line num="36" count="2" type="cond" truecount="1" falsecount="1"/>
      <line num="37" count="2" type="stmt"/>
      <line num="39" count="0" type="stmt"/>
      <line num="43" count="1" type="stmt"/>
      <line num="44" count="2" type="stmt"/>
      <line num="46" count="2" type="cond" truecount="1" falsecount="1"/>
      <line num="47" count="2" type="stmt"/>
      <line num="49" count="0" type="stmt"/>
      <line num="55" count="1" type="stmt"/>
      <line num="56" count="30" type="stmt"/>
      <line num="57" count="30" type="cond" truecount="3" falsecount="1"/>
      <line num="58" count="30" type="stmt"/>
      <line num="60" count="0" type="stmt"/>
      <line num="65" count="1" type="stmt"/>
      <line num="66" count="0" type="stmt"/>
      <line num="67" count="0" type="stmt"/>
      <line num="68" count="0" type="stmt"/>
      <line num="72" count="1" type="stmt"/>
      <line num="73" count="1" type="stmt"/>
      <line num="79" count="1" type="stmt"/>
    </file>
  </project>
</coverage>
