{"C:\\Users\\Constantinos\\OneDrive\\LA_FOSSE\\Week_3\\project_folder\\Lap-1-Project\\backend\\index.js": {"path":"C:\\Users\\Constantinos\\OneDrive\\LA_FOSSE\\Week_3\\project_folder\\Lap-1-Project\\backend\\index.js","statementMap":{"0":{"start":{"line":1,"column":16},"end":{"line":1,"column":34}},"1":{"start":{"line":2,"column":12},"end":{"line":2,"column":21}},"2":{"start":{"line":3,"column":13},"end":{"line":3,"column":17}},"3":{"start":{"line":4,"column":13},"end":{"line":4,"column":28}},"4":{"start":{"line":5,"column":16},"end":{"line":5,"column":41}},"5":{"start":{"line":6,"column":18},"end":{"line":6,"column":45}},"6":{"start":{"line":8,"column":16},"end":{"line":8,"column":39}},"7":{"start":{"line":10,"column":0},"end":{"line":10,"column":15}},"8":{"start":{"line":11,"column":0},"end":{"line":11,"column":24}},"9":{"start":{"line":13,"column":28},"end":{"line":13,"column":77}},"10":{"start":{"line":13,"column":38},"end":{"line":13,"column":77}},"11":{"start":{"line":15,"column":23},"end":{"line":26,"column":1}},"12":{"start":{"line":16,"column":16},"end":{"line":16,"column":25}},"13":{"start":{"line":17,"column":2},"end":{"line":25,"column":3}},"14":{"start":{"line":18,"column":4},"end":{"line":18,"column":21}},"15":{"start":{"line":19,"column":4},"end":{"line":19,"column":18}},"16":{"start":{"line":20,"column":9},"end":{"line":25,"column":3}},"17":{"start":{"line":21,"column":4},"end":{"line":21,"column":23}},"18":{"start":{"line":22,"column":4},"end":{"line":22,"column":18}},"19":{"start":{"line":24,"column":4},"end":{"line":24,"column":18}},"20":{"start":{"line":29,"column":0},"end":{"line":31,"column":2}},"21":{"start":{"line":30,"column":4},"end":{"line":30,"column":25}},"22":{"start":{"line":34,"column":0},"end":{"line":40,"column":2}},"23":{"start":{"line":35,"column":18},"end":{"line":35,"column":52}},"24":{"start":{"line":36,"column":2},"end":{"line":39,"column":53}},"25":{"start":{"line":37,"column":4},"end":{"line":37,"column":21}},"26":{"start":{"line":39,"column":4},"end":{"line":39,"column":52}},"27":{"start":{"line":43,"column":0},"end":{"line":50,"column":2}},"28":{"start":{"line":44,"column":18},"end":{"line":44,"column":52}},"29":{"start":{"line":46,"column":2},"end":{"line":49,"column":53}},"30":{"start":{"line":47,"column":4},"end":{"line":47,"column":51}},"31":{"start":{"line":49,"column":4},"end":{"line":49,"column":52}},"32":{"start":{"line":55,"column":0},"end":{"line":62,"column":2}},"33":{"start":{"line":56,"column":18},"end":{"line":56,"column":52}},"34":{"start":{"line":57,"column":2},"end":{"line":61,"column":3}},"35":{"start":{"line":58,"column":4},"end":{"line":58,"column":48}},"36":{"start":{"line":60,"column":4},"end":{"line":60,"column":97}},"37":{"start":{"line":65,"column":0},"end":{"line":69,"column":2}},"38":{"start":{"line":66,"column":18},"end":{"line":66,"column":52}},"39":{"start":{"line":67,"column":2},"end":{"line":67,"column":24}},"40":{"start":{"line":68,"column":2},"end":{"line":68,"column":32}},"41":{"start":{"line":72,"column":0},"end":{"line":74,"column":2}},"42":{"start":{"line":73,"column":4},"end":{"line":73,"column":58}},"43":{"start":{"line":79,"column":0},"end":{"line":86,"column":1}}},"fnMap":{"0":{"name":"(anonymous_0)","decl":{"start":{"line":13,"column":28},"end":{"line":13,"column":29}},"loc":{"start":{"line":13,"column":38},"end":{"line":13,"column":77}},"line":13},"1":{"name":"(anonymous_1)","decl":{"start":{"line":15,"column":23},"end":{"line":15,"column":24}},"loc":{"start":{"line":15,"column":32},"end":{"line":26,"column":1}},"line":15},"2":{"name":"(anonymous_2)","decl":{"start":{"line":29,"column":13},"end":{"line":29,"column":14}},"loc":{"start":{"line":29,"column":26},"end":{"line":31,"column":1}},"line":29},"3":{"name":"(anonymous_3)","decl":{"start":{"line":34,"column":21},"end":{"line":34,"column":22}},"loc":{"start":{"line":34,"column":35},"end":{"line":40,"column":1}},"line":34},"4":{"name":"(anonymous_4)","decl":{"start":{"line":43,"column":28},"end":{"line":43,"column":29}},"loc":{"start":{"line":43,"column":42},"end":{"line":50,"column":1}},"line":43},"5":{"name":"(anonymous_5)","decl":{"start":{"line":55,"column":25},"end":{"line":55,"column":26}},"loc":{"start":{"line":55,"column":39},"end":{"line":62,"column":1}},"line":55},"6":{"name":"(anonymous_6)","decl":{"start":{"line":65,"column":22},"end":{"line":65,"column":23}},"loc":{"start":{"line":65,"column":36},"end":{"line":69,"column":1}},"line":65},"7":{"name":"(anonymous_7)","decl":{"start":{"line":72,"column":17},"end":{"line":72,"column":18}},"loc":{"start":{"line":72,"column":21},"end":{"line":74,"column":1}},"line":72}},"branchMap":{"0":{"loc":{"start":{"line":17,"column":2},"end":{"line":25,"column":3}},"type":"if","locations":[{"start":{"line":17,"column":2},"end":{"line":25,"column":3}},{"start":{"line":20,"column":9},"end":{"line":25,"column":3}}],"line":17},"1":{"loc":{"start":{"line":20,"column":9},"end":{"line":25,"column":3}},"type":"if","locations":[{"start":{"line":20,"column":9},"end":{"line":25,"column":3}},{"start":{"line":23,"column":9},"end":{"line":25,"column":3}}],"line":20},"2":{"loc":{"start":{"line":36,"column":2},"end":{"line":39,"column":53}},"type":"if","locations":[{"start":{"line":36,"column":2},"end":{"line":39,"column":53}},{"start":{"line":38,"column":9},"end":{"line":39,"column":53}}],"line":36},"3":{"loc":{"start":{"line":46,"column":2},"end":{"line":49,"column":53}},"type":"if","locations":[{"start":{"line":46,"column":2},"end":{"line":49,"column":53}},{"start":{"line":48,"column":9},"end":{"line":49,"column":53}}],"line":46},"4":{"loc":{"start":{"line":57,"column":2},"end":{"line":61,"column":3}},"type":"if","locations":[{"start":{"line":57,"column":2},"end":{"line":61,"column":3}},{"start":{"line":59,"column":8},"end":{"line":61,"column":3}}],"line":57},"5":{"loc":{"start":{"line":57,"column":6},"end":{"line":57,"column":58}},"type":"binary-expr","locations":[{"start":{"line":57,"column":6},"end":{"line":57,"column":24}},{"start":{"line":57,"column":28},"end":{"line":57,"column":58}}],"line":57}},"s":{"0":1,"1":1,"2":1,"3":1,"4":1,"5":1,"6":1,"7":1,"8":1,"9":1,"10":6,"11":1,"12":43,"13":43,"14":26,"15":26,"16":17,"17":16,"18":16,"19":1,"20":1,"21":1,"22":1,"23":2,"24":2,"25":2,"26":0,"27":1,"28":2,"29":2,"30":2,"31":0,"32":1,"33":30,"34":30,"35":30,"36":0,"37":1,"38":0,"39":0,"40":0,"41":1,"42":1,"43":1},"f":{"0":6,"1":43,"2":1,"3":2,"4":2,"5":30,"6":0,"7":1},"b":{"0":[26,17],"1":[16,1],"2":[2,0],"3":[2,0],"4":[30,0],"5":[30,30]},"_coverageSchema":"1a1c01bbd47fc00a2c39e90264f33305004495a9","hash":"0fccaef5299bbdba6efcf3aaf61fcd3e618f1d8a"}
}
