{"C:\\Users\\Constantinos\\OneDrive\\LA_FOSSE\\Week_3\\project_folder\\Lap-1-Project\\backend\\index.js": {"path":"C:\\Users\\Constantinos\\OneDrive\\LA_FOSSE\\Week_3\\project_folder\\Lap-1-Project\\backend\\index.js","statementMap":{"0":{"start":{"line":1,"column":16},"end":{"line":1,"column":34}},"1":{"start":{"line":2,"column":12},"end":{"line":2,"column":21}},"2":{"start":{"line":3,"column":13},"end":{"line":3,"column":17}},"3":{"start":{"line":4,"column":13},"end":{"line":4,"column":28}},"4":{"start":{"line":5,"column":16},"end":{"line":5,"column":41}},"5":{"start":{"line":6,"column":18},"end":{"line":6,"column":45}},"6":{"start":{"line":8,"column":0},"end":{"line":8,"column":15}},"7":{"start":{"line":9,"column":0},"end":{"line":9,"column":24}},"8":{"start":{"line":11,"column":28},"end":{"line":11,"column":76}},"9":{"start":{"line":11,"column":34},"end":{"line":11,"column":76}},"10":{"start":{"line":14,"column":0},"end":{"line":16,"column":2}},"11":{"start":{"line":15,"column":4},"end":{"line":15,"column":25}},"12":{"start":{"line":19,"column":0},"end":{"line":21,"column":2}},"13":{"start":{"line":20,"column":2},"end":{"line":20,"column":19}},"14":{"start":{"line":24,"column":0},"end":{"line":27,"column":2}},"15":{"start":{"line":25,"column":2},"end":{"line":25,"column":42}},"16":{"start":{"line":30,"column":0},"end":{"line":36,"column":2}},"17":{"start":{"line":31,"column":2},"end":{"line":35,"column":3}},"18":{"start":{"line":32,"column":4},"end":{"line":32,"column":48}},"19":{"start":{"line":34,"column":4},"end":{"line":34,"column":97}},"20":{"start":{"line":39,"column":0},"end":{"line":42,"column":2}},"21":{"start":{"line":40,"column":2},"end":{"line":40,"column":24}},"22":{"start":{"line":41,"column":2},"end":{"line":41,"column":32}},"23":{"start":{"line":45,"column":0},"end":{"line":47,"column":2}},"24":{"start":{"line":46,"column":4},"end":{"line":46,"column":58}},"25":{"start":{"line":52,"column":0},"end":{"line":56,"column":1}}},"fnMap":{"0":{"name":"(anonymous_0)","decl":{"start":{"line":11,"column":28},"end":{"line":11,"column":29}},"loc":{"start":{"line":11,"column":34},"end":{"line":11,"column":76}},"line":11},"1":{"name":"(anonymous_1)","decl":{"start":{"line":14,"column":13},"end":{"line":14,"column":14}},"loc":{"start":{"line":14,"column":26},"end":{"line":16,"column":1}},"line":14},"2":{"name":"(anonymous_2)","decl":{"start":{"line":19,"column":20},"end":{"line":19,"column":21}},"loc":{"start":{"line":19,"column":34},"end":{"line":21,"column":1}},"line":19},"3":{"name":"(anonymous_3)","decl":{"start":{"line":24,"column":27},"end":{"line":24,"column":28}},"loc":{"start":{"line":24,"column":41},"end":{"line":27,"column":1}},"line":24},"4":{"name":"(anonymous_4)","decl":{"start":{"line":30,"column":24},"end":{"line":30,"column":25}},"loc":{"start":{"line":30,"column":38},"end":{"line":36,"column":1}},"line":30},"5":{"name":"(anonymous_5)","decl":{"start":{"line":39,"column":21},"end":{"line":39,"column":22}},"loc":{"start":{"line":39,"column":35},"end":{"line":42,"column":1}},"line":39},"6":{"name":"(anonymous_6)","decl":{"start":{"line":45,"column":17},"end":{"line":45,"column":18}},"loc":{"start":{"line":45,"column":21},"end":{"line":47,"column":1}},"line":45}},"branchMap":{"0":{"loc":{"start":{"line":31,"column":2},"end":{"line":35,"column":3}},"type":"if","locations":[{"start":{"line":31,"column":2},"end":{"line":35,"column":3}},{"start":{"line":33,"column":9},"end":{"line":35,"column":3}}],"line":31},"1":{"loc":{"start":{"line":31,"column":6},"end":{"line":31,"column":58}},"type":"binary-expr","locations":[{"start":{"line":31,"column":6},"end":{"line":31,"column":24}},{"start":{"line":31,"column":28},"end":{"line":31,"column":58}}],"line":31}},"s":{"0":1,"1":1,"2":1,"3":1,"4":1,"5":1,"6":1,"7":1,"8":1,"9":5,"10":1,"11":1,"12":1,"13":1,"14":1,"15":2,"16":1,"17":0,"18":0,"19":0,"20":1,"21":0,"22":0,"23":1,"24":1,"25":1},"f":{"0":5,"1":1,"2":1,"3":2,"4":0,"5":0,"6":1},"b":{"0":[0,0],"1":[0,0]},"_coverageSchema":"1a1c01bbd47fc00a2c39e90264f33305004495a9","hash":"ddb8de3754df60921820a512d39d9fcbfff15c25"}
}
