TN:
SF:index.js
FN:13,(anonymous_0)
FN:15,(anonymous_1)
FN:29,(anonymous_2)
FN:34,(anonymous_3)
FN:43,(anonymous_4)
FN:55,(anonymous_5)
FN:65,(anonymous_6)
FN:72,(anonymous_7)
FNF:8
FNH:7
FNDA:6,(anonymous_0)
FNDA:43,(anonymous_1)
FNDA:1,(anonymous_2)
FNDA:2,(anonymous_3)
FNDA:2,(anonymous_4)
FNDA:30,(anonymous_5)
FNDA:0,(anonymous_6)
FNDA:1,(anonymous_7)
DA:1,1
DA:2,1
DA:3,1
DA:4,1
DA:5,1
DA:6,1
DA:8,1
DA:10,1
DA:11,1
DA:13,6
DA:15,1
DA:16,43
DA:17,43
DA:18,26
DA:19,26
DA:20,17
DA:21,16
DA:22,16
DA:24,1
DA:29,1
DA:30,1
DA:34,1
DA:35,2
DA:36,2
DA:37,2
DA:39,0
DA:43,1
DA:44,2
DA:46,2
DA:47,2
DA:49,0
DA:55,1
DA:56,30
DA:57,30
DA:58,30
DA:60,0
DA:65,1
DA:66,0
DA:67,0
DA:68,0
DA:72,1
DA:73,1
DA:79,1
LF:43
LH:37
BRDA:17,0,0,26
BRDA:17,0,1,17
BRDA:20,1,0,16
BRDA:20,1,1,1
BRDA:36,2,0,2
BRDA:36,2,1,0
BRDA:46,3,0,2
BRDA:46,3,1,0
BRDA:57,4,0,30
BRDA:57,4,1,0
BRDA:57,5,0,30
BRDA:57,5,1,30
BRF:12
BRH:9
end_of_record
